<?xml version="1.0" encoding="UTF-8"?>
<!-- Generated by org.testng.reporters.JUnitReportReporter -->
<testsuite hostname="DESKTOP-6JH23N3" name="testApps.KeywordsApp" tests="1" failures="0" timestamp="11 Aug 2016 10:19:50 GMT" time="39.371" errors="0">
  <testcase name="testApp" time="39.371" classname="testApps.KeywordsApp"/>
</testsuite> <!-- testApps.KeywordsApp -->
