<?xml version="1.0" encoding="UTF-8"?>
<!-- Generated by org.testng.reporters.JUnitReportReporter -->
<testsuite hostname="DESKTOP-CNHDD2D" name="testApps.DriverApp" tests="1" failures="0" timestamp="16 Oct 2016 22:21:29 GMT" time="70.880" errors="0">
  <testcase name="testApp" time="70.880" classname="testApps.DriverApp"/>
</testsuite> <!-- testApps.DriverApp -->
